Compilation failed:
    source file: '/Users/ogre/works/2202/Felix/perpetuite-III/perpetuite-III/PIII/computerVision/node_modules/opencv-build/opencv/opencv/cmake/checks/cxx11.cpp'
    check option: ''
===== BUILD LOG =====
Change Dir: /Users/ogre/works/2202/Felix/perpetuite-III/perpetuite-III/PIII/computerVision/node_modules/opencv-build/opencv/build/CMakeFiles/CMakeTmp

Run Build Command:"/usr/bin/make" "cmTC_ed90d/fast"
/Applications/codeEditors/Xcode.app/Contents/Developer/usr/bin/make -f CMakeFiles/cmTC_ed90d.dir/build.make CMakeFiles/cmTC_ed90d.dir/build
Building CXX object CMakeFiles/cmTC_ed90d.dir/cxx11.cpp.o
/Applications/codeEditors/Xcode.app/Contents/Developer/Toolchains/XcodeDefault.xctoolchain/usr/bin/c++    -fPIE   -o CMakeFiles/cmTC_ed90d.dir/cxx11.cpp.o -c /Users/ogre/works/2202/Felix/perpetuite-III/perpetuite-III/PIII/computerVision/node_modules/opencv-build/opencv/opencv/cmake/checks/cxx11.cpp
/Users/ogre/works/2202/Felix/perpetuite-III/perpetuite-III/PIII/computerVision/node_modules/opencv-build/opencv/opencv/cmake/checks/cxx11.cpp:4:2: error: "C++11 is not supported"
#error "C++11 is not supported"
 ^
/Users/ogre/works/2202/Felix/perpetuite-III/perpetuite-III/PIII/computerVision/node_modules/opencv-build/opencv/opencv/cmake/checks/cxx11.cpp:11:5: warning: 'auto' type specifier is a C++11 extension [-Wc++11-extensions]
    auto res = test();
    ^
1 warning and 1 error generated.
make[1]: *** [CMakeFiles/cmTC_ed90d.dir/cxx11.cpp.o] Error 1
make: *** [cmTC_ed90d/fast] Error 2

===== END =====

Compilation failed:
    source file: '/Users/ogre/works/2202/Felix/perpetuite-III/perpetuite-III/PIII/computerVision/node_modules/opencv-build/opencv/opencv/cmake/checks/cpu_popcnt.cpp'
    check option: ''
===== BUILD LOG =====
Change Dir: /Users/ogre/works/2202/Felix/perpetuite-III/perpetuite-III/PIII/computerVision/node_modules/opencv-build/opencv/build/CMakeFiles/CMakeTmp

Run Build Command:"/usr/bin/make" "cmTC_95c1c/fast"
/Applications/codeEditors/Xcode.app/Contents/Developer/usr/bin/make -f CMakeFiles/cmTC_95c1c.dir/build.make CMakeFiles/cmTC_95c1c.dir/build
Building CXX object CMakeFiles/cmTC_95c1c.dir/cpu_popcnt.cpp.o
/Applications/codeEditors/Xcode.app/Contents/Developer/Toolchains/XcodeDefault.xctoolchain/usr/bin/c++    -O3 -DNDEBUG -fPIE   -o CMakeFiles/cmTC_95c1c.dir/cpu_popcnt.cpp.o -c /Users/ogre/works/2202/Felix/perpetuite-III/perpetuite-III/PIII/computerVision/node_modules/opencv-build/opencv/opencv/cmake/checks/cpu_popcnt.cpp
/Users/ogre/works/2202/Felix/perpetuite-III/perpetuite-III/PIII/computerVision/node_modules/opencv-build/opencv/opencv/cmake/checks/cpu_popcnt.cpp:14:4: error: "__POPCNT__ is not defined by compiler"
#  error "__POPCNT__ is not defined by compiler"
   ^
/Users/ogre/works/2202/Felix/perpetuite-III/perpetuite-III/PIII/computerVision/node_modules/opencv-build/opencv/opencv/cmake/checks/cpu_popcnt.cpp:22:13: error: use of undeclared identifier 'CV_POPCNT_U32'
    int j = CV_POPCNT_U32(1);
            ^
2 errors generated.
make[1]: *** [CMakeFiles/cmTC_95c1c.dir/cpu_popcnt.cpp.o] Error 1
make: *** [cmTC_95c1c/fast] Error 2

===== END =====

Compilation failed:
    source file: '/Users/ogre/works/2202/Felix/perpetuite-III/perpetuite-III/PIII/computerVision/node_modules/opencv-build/opencv/opencv/cmake/checks/cpu_sse42.cpp'
    check option: ''
===== BUILD LOG =====
Change Dir: /Users/ogre/works/2202/Felix/perpetuite-III/perpetuite-III/PIII/computerVision/node_modules/opencv-build/opencv/build/CMakeFiles/CMakeTmp

Run Build Command:"/usr/bin/make" "cmTC_a8ae8/fast"
/Applications/codeEditors/Xcode.app/Contents/Developer/usr/bin/make -f CMakeFiles/cmTC_a8ae8.dir/build.make CMakeFiles/cmTC_a8ae8.dir/build
Building CXX object CMakeFiles/cmTC_a8ae8.dir/cpu_sse42.cpp.o
/Applications/codeEditors/Xcode.app/Contents/Developer/Toolchains/XcodeDefault.xctoolchain/usr/bin/c++    -O3 -DNDEBUG -fPIE   -o CMakeFiles/cmTC_a8ae8.dir/cpu_sse42.cpp.o -c /Users/ogre/works/2202/Felix/perpetuite-III/perpetuite-III/PIII/computerVision/node_modules/opencv-build/opencv/opencv/cmake/checks/cpu_sse42.cpp
/Users/ogre/works/2202/Felix/perpetuite-III/perpetuite-III/PIII/computerVision/node_modules/opencv-build/opencv/opencv/cmake/checks/cpu_sse42.cpp:5:24: error: always_inline function '_mm_crc32_u8' requires target feature 'sse4.2', but would be inlined into function 'main' that is compiled without support for 'sse4.2'
    unsigned int res = _mm_crc32_u8(1, 2);
                       ^
1 error generated.
make[1]: *** [CMakeFiles/cmTC_a8ae8.dir/cpu_sse42.cpp.o] Error 1
make: *** [cmTC_a8ae8/fast] Error 2

===== END =====

Compilation failed:
    source file: '/Users/ogre/works/2202/Felix/perpetuite-III/perpetuite-III/PIII/computerVision/node_modules/opencv-build/opencv/opencv/cmake/checks/cpu_fp16.cpp'
    check option: ''
===== BUILD LOG =====
Change Dir: /Users/ogre/works/2202/Felix/perpetuite-III/perpetuite-III/PIII/computerVision/node_modules/opencv-build/opencv/build/CMakeFiles/CMakeTmp

Run Build Command:"/usr/bin/make" "cmTC_a7c08/fast"
/Applications/codeEditors/Xcode.app/Contents/Developer/usr/bin/make -f CMakeFiles/cmTC_a7c08.dir/build.make CMakeFiles/cmTC_a7c08.dir/build
Building CXX object CMakeFiles/cmTC_a7c08.dir/cpu_fp16.cpp.o
/Applications/codeEditors/Xcode.app/Contents/Developer/Toolchains/XcodeDefault.xctoolchain/usr/bin/c++    -O3 -DNDEBUG -fPIE   -o CMakeFiles/cmTC_a7c08.dir/cpu_fp16.cpp.o -c /Users/ogre/works/2202/Felix/perpetuite-III/perpetuite-III/PIII/computerVision/node_modules/opencv-build/opencv/opencv/cmake/checks/cpu_fp16.cpp
/Users/ogre/works/2202/Felix/perpetuite-III/perpetuite-III/PIII/computerVision/node_modules/opencv-build/opencv/opencv/cmake/checks/cpu_fp16.cpp:26:2: error: "FP16 is not supported"
#error "FP16 is not supported"
 ^
/Users/ogre/works/2202/Felix/perpetuite-III/perpetuite-III/PIII/computerVision/node_modules/opencv-build/opencv/opencv/cmake/checks/cpu_fp16.cpp:31:18: error: use of undeclared identifier 'test'
  printf("%d\n", test());
                 ^
2 errors generated.
make[1]: *** [CMakeFiles/cmTC_a7c08.dir/cpu_fp16.cpp.o] Error 1
make: *** [cmTC_a7c08/fast] Error 2

===== END =====

Compilation failed:
    source file: '/Users/ogre/works/2202/Felix/perpetuite-III/perpetuite-III/PIII/computerVision/node_modules/opencv-build/opencv/opencv/cmake/checks/cpu_avx.cpp'
    check option: ''
===== BUILD LOG =====
Change Dir: /Users/ogre/works/2202/Felix/perpetuite-III/perpetuite-III/PIII/computerVision/node_modules/opencv-build/opencv/build/CMakeFiles/CMakeTmp

Run Build Command:"/usr/bin/make" "cmTC_5499f/fast"
/Applications/codeEditors/Xcode.app/Contents/Developer/usr/bin/make -f CMakeFiles/cmTC_5499f.dir/build.make CMakeFiles/cmTC_5499f.dir/build
Building CXX object CMakeFiles/cmTC_5499f.dir/cpu_avx.cpp.o
/Applications/codeEditors/Xcode.app/Contents/Developer/Toolchains/XcodeDefault.xctoolchain/usr/bin/c++    -O3 -DNDEBUG -fPIE   -o CMakeFiles/cmTC_5499f.dir/cpu_avx.cpp.o -c /Users/ogre/works/2202/Felix/perpetuite-III/perpetuite-III/PIII/computerVision/node_modules/opencv-build/opencv/opencv/cmake/checks/cpu_avx.cpp
/Users/ogre/works/2202/Felix/perpetuite-III/perpetuite-III/PIII/computerVision/node_modules/opencv-build/opencv/opencv/cmake/checks/cpu_avx.cpp:2:2: error: "__AVX__ define is missing"
#error "__AVX__ define is missing"
 ^
1 error generated.
make[1]: *** [CMakeFiles/cmTC_5499f.dir/cpu_avx.cpp.o] Error 1
make: *** [cmTC_5499f/fast] Error 2

===== END =====

Compilation failed:
    source file: '/Users/ogre/works/2202/Felix/perpetuite-III/perpetuite-III/PIII/computerVision/node_modules/opencv-build/opencv/opencv/cmake/checks/cpu_avx2.cpp'
    check option: ''
===== BUILD LOG =====
Change Dir: /Users/ogre/works/2202/Felix/perpetuite-III/perpetuite-III/PIII/computerVision/node_modules/opencv-build/opencv/build/CMakeFiles/CMakeTmp

Run Build Command:"/usr/bin/make" "cmTC_c38e9/fast"
/Applications/codeEditors/Xcode.app/Contents/Developer/usr/bin/make -f CMakeFiles/cmTC_c38e9.dir/build.make CMakeFiles/cmTC_c38e9.dir/build
Building CXX object CMakeFiles/cmTC_c38e9.dir/cpu_avx2.cpp.o
/Applications/codeEditors/Xcode.app/Contents/Developer/Toolchains/XcodeDefault.xctoolchain/usr/bin/c++    -O3 -DNDEBUG -fPIE   -o CMakeFiles/cmTC_c38e9.dir/cpu_avx2.cpp.o -c /Users/ogre/works/2202/Felix/perpetuite-III/perpetuite-III/PIII/computerVision/node_modules/opencv-build/opencv/opencv/cmake/checks/cpu_avx2.cpp
/Users/ogre/works/2202/Felix/perpetuite-III/perpetuite-III/PIII/computerVision/node_modules/opencv-build/opencv/opencv/cmake/checks/cpu_avx2.cpp:2:2: error: "__AVX2__ define is missing"
#error "__AVX2__ define is missing"
 ^
1 error generated.
make[1]: *** [CMakeFiles/cmTC_c38e9.dir/cpu_avx2.cpp.o] Error 1
make: *** [cmTC_c38e9/fast] Error 2

===== END =====

Compilation failed:
    source file: '/Users/ogre/works/2202/Felix/perpetuite-III/perpetuite-III/PIII/computerVision/node_modules/opencv-build/opencv/opencv/cmake/checks/cpu_avx512.cpp'
    check option: ''
===== BUILD LOG =====
Change Dir: /Users/ogre/works/2202/Felix/perpetuite-III/perpetuite-III/PIII/computerVision/node_modules/opencv-build/opencv/build/CMakeFiles/CMakeTmp

Run Build Command:"/usr/bin/make" "cmTC_60443/fast"
/Applications/codeEditors/Xcode.app/Contents/Developer/usr/bin/make -f CMakeFiles/cmTC_60443.dir/build.make CMakeFiles/cmTC_60443.dir/build
Building CXX object CMakeFiles/cmTC_60443.dir/cpu_avx512.cpp.o
/Applications/codeEditors/Xcode.app/Contents/Developer/Toolchains/XcodeDefault.xctoolchain/usr/bin/c++    -O3 -DNDEBUG -fPIE   -o CMakeFiles/cmTC_60443.dir/cpu_avx512.cpp.o -c /Users/ogre/works/2202/Felix/perpetuite-III/perpetuite-III/PIII/computerVision/node_modules/opencv-build/opencv/opencv/cmake/checks/cpu_avx512.cpp
/Users/ogre/works/2202/Felix/perpetuite-III/perpetuite-III/PIII/computerVision/node_modules/opencv-build/opencv/opencv/cmake/checks/cpu_avx512.cpp:11:2: error: "AVX512 is not supported"
#error "AVX512 is not supported"
 ^
1 error generated.
make[1]: *** [CMakeFiles/cmTC_60443.dir/cpu_avx512.cpp.o] Error 1
make: *** [cmTC_60443/fast] Error 2

===== END =====

Compilation failed:
    source file: '/Users/ogre/works/2202/Felix/perpetuite-III/perpetuite-III/PIII/computerVision/node_modules/opencv-build/opencv/opencv/cmake/checks/cpu_avx512skx.cpp'
    check option: ''
===== BUILD LOG =====
Change Dir: /Users/ogre/works/2202/Felix/perpetuite-III/perpetuite-III/PIII/computerVision/node_modules/opencv-build/opencv/build/CMakeFiles/CMakeTmp

Run Build Command:"/usr/bin/make" "cmTC_89f5d/fast"
/Applications/codeEditors/Xcode.app/Contents/Developer/usr/bin/make -f CMakeFiles/cmTC_89f5d.dir/build.make CMakeFiles/cmTC_89f5d.dir/build
Building CXX object CMakeFiles/cmTC_89f5d.dir/cpu_avx512skx.cpp.o
/Applications/codeEditors/Xcode.app/Contents/Developer/Toolchains/XcodeDefault.xctoolchain/usr/bin/c++    -O3 -DNDEBUG -fPIE   -o CMakeFiles/cmTC_89f5d.dir/cpu_avx512skx.cpp.o -c /Users/ogre/works/2202/Felix/perpetuite-III/perpetuite-III/PIII/computerVision/node_modules/opencv-build/opencv/opencv/cmake/checks/cpu_avx512skx.cpp
/Users/ogre/works/2202/Felix/perpetuite-III/perpetuite-III/PIII/computerVision/node_modules/opencv-build/opencv/opencv/cmake/checks/cpu_avx512skx.cpp:15:2: error: "AVX512-SKX is not supported"
#error "AVX512-SKX is not supported"
 ^
1 error generated.
make[1]: *** [CMakeFiles/cmTC_89f5d.dir/cpu_avx512skx.cpp.o] Error 1
make: *** [cmTC_89f5d/fast] Error 2

===== END =====

Determining if the include file malloc.h exists failed with the following output:
Change Dir: /Users/ogre/works/2202/Felix/perpetuite-III/perpetuite-III/PIII/computerVision/node_modules/opencv-build/opencv/build/CMakeFiles/CMakeTmp

Run Build Command:"/usr/bin/make" "cmTC_19bc2/fast"
/Applications/codeEditors/Xcode.app/Contents/Developer/usr/bin/make -f CMakeFiles/cmTC_19bc2.dir/build.make CMakeFiles/cmTC_19bc2.dir/build
Building C object CMakeFiles/cmTC_19bc2.dir/CheckIncludeFile.c.o
/Applications/codeEditors/Xcode.app/Contents/Developer/Toolchains/XcodeDefault.xctoolchain/usr/bin/cc   -fsigned-char -W -Wall -Werror=return-type -Werror=non-virtual-dtor -Werror=address -Werror=sequence-point -Wformat -Werror=format-security -Wmissing-declarations -Wmissing-prototypes -Wstrict-prototypes -Wundef -Winit-self -Wpointer-arith -Wshadow -Wsign-promo -Wuninitialized -Winit-self -Wno-delete-non-virtual-dtor -Wno-unnamed-type-template-args -Wno-comment -fdiagnostics-show-option -Wno-long-long -Qunused-arguments -Wno-semicolon-before-method-body -ffunction-sections -fdata-sections  -fvisibility=hidden -fvisibility-inlines-hidden  -O3 -DNDEBUG -fPIE   -o CMakeFiles/cmTC_19bc2.dir/CheckIncludeFile.c.o   -c /Users/ogre/works/2202/Felix/perpetuite-III/perpetuite-III/PIII/computerVision/node_modules/opencv-build/opencv/build/CMakeFiles/CMakeTmp/CheckIncludeFile.c
/Users/ogre/works/2202/Felix/perpetuite-III/perpetuite-III/PIII/computerVision/node_modules/opencv-build/opencv/build/CMakeFiles/CMakeTmp/CheckIncludeFile.c:1:10: fatal error: 'malloc.h' file not found
#include <malloc.h>
         ^~~~~~~~~~
1 error generated.
make[1]: *** [CMakeFiles/cmTC_19bc2.dir/CheckIncludeFile.c.o] Error 1
make: *** [cmTC_19bc2/fast] Error 2


Determining size of off64_t failed with the following output:
Change Dir: /Users/ogre/works/2202/Felix/perpetuite-III/perpetuite-III/PIII/computerVision/node_modules/opencv-build/opencv/build/CMakeFiles/CMakeTmp

Run Build Command:"/usr/bin/make" "cmTC_3403d/fast"
/Applications/codeEditors/Xcode.app/Contents/Developer/usr/bin/make -f CMakeFiles/cmTC_3403d.dir/build.make CMakeFiles/cmTC_3403d.dir/build
Building C object CMakeFiles/cmTC_3403d.dir/OFF64_T.c.o
/Applications/codeEditors/Xcode.app/Contents/Developer/Toolchains/XcodeDefault.xctoolchain/usr/bin/cc   -fsigned-char -W -Wall -Werror=return-type -Werror=non-virtual-dtor -Werror=address -Werror=sequence-point -Wformat -Werror=format-security -Wmissing-declarations -Wmissing-prototypes -Wstrict-prototypes -Wundef -Winit-self -Wpointer-arith -Wshadow -Wsign-promo -Wuninitialized -Winit-self -Wno-delete-non-virtual-dtor -Wno-unnamed-type-template-args -Wno-comment -fdiagnostics-show-option -Wno-long-long -Qunused-arguments -Wno-semicolon-before-method-body -ffunction-sections -fdata-sections  -fvisibility=hidden -fvisibility-inlines-hidden  -O3 -DNDEBUG -fPIE   -o CMakeFiles/cmTC_3403d.dir/OFF64_T.c.o   -c /Users/ogre/works/2202/Felix/perpetuite-III/perpetuite-III/PIII/computerVision/node_modules/opencv-build/opencv/build/CMakeFiles/CheckTypeSize/OFF64_T.c
/Users/ogre/works/2202/Felix/perpetuite-III/perpetuite-III/PIII/computerVision/node_modules/opencv-build/opencv/build/CMakeFiles/CheckTypeSize/OFF64_T.c:25:12: error: use of undeclared identifier 'off64_t'
  ('0' + ((SIZE / 10000)%10)),
           ^
/Users/ogre/works/2202/Felix/perpetuite-III/perpetuite-III/PIII/computerVision/node_modules/opencv-build/opencv/build/CMakeFiles/CheckTypeSize/OFF64_T.c:23:22: note: expanded from macro 'SIZE'
#define SIZE (sizeof(off64_t))
                     ^
/Users/ogre/works/2202/Felix/perpetuite-III/perpetuite-III/PIII/computerVision/node_modules/opencv-build/opencv/build/CMakeFiles/CheckTypeSize/OFF64_T.c:26:12: error: use of undeclared identifier 'off64_t'
  ('0' + ((SIZE / 1000)%10)),
           ^
/Users/ogre/works/2202/Felix/perpetuite-III/perpetuite-III/PIII/computerVision/node_modules/opencv-build/opencv/build/CMakeFiles/CheckTypeSize/OFF64_T.c:23:22: note: expanded from macro 'SIZE'
#define SIZE (sizeof(off64_t))
                     ^
/Users/ogre/works/2202/Felix/perpetuite-III/perpetuite-III/PIII/computerVision/node_modules/opencv-build/opencv/build/CMakeFiles/CheckTypeSize/OFF64_T.c:27:12: error: use of undeclared identifier 'off64_t'
  ('0' + ((SIZE / 100)%10)),
           ^
/Users/ogre/works/2202/Felix/perpetuite-III/perpetuite-III/PIII/computerVision/node_modules/opencv-build/opencv/build/CMakeFiles/CheckTypeSize/OFF64_T.c:23:22: note: expanded from macro 'SIZE'
#define SIZE (sizeof(off64_t))
                     ^
/Users/ogre/works/2202/Felix/perpetuite-III/perpetuite-III/PIII/computerVision/node_modules/opencv-build/opencv/build/CMakeFiles/CheckTypeSize/OFF64_T.c:28:12: error: use of undeclared identifier 'off64_t'
  ('0' + ((SIZE / 10)%10)),
           ^
/Users/ogre/works/2202/Felix/perpetuite-III/perpetuite-III/PIII/computerVision/node_modules/opencv-build/opencv/build/CMakeFiles/CheckTypeSize/OFF64_T.c:23:22: note: expanded from macro 'SIZE'
#define SIZE (sizeof(off64_t))
                     ^
/Users/ogre/works/2202/Felix/perpetuite-III/perpetuite-III/PIII/computerVision/node_modules/opencv-build/opencv/build/CMakeFiles/CheckTypeSize/OFF64_T.c:29:12: error: use of undeclared identifier 'off64_t'
  ('0' +  (SIZE    % 10)),
           ^
/Users/ogre/works/2202/Felix/perpetuite-III/perpetuite-III/PIII/computerVision/node_modules/opencv-build/opencv/build/CMakeFiles/CheckTypeSize/OFF64_T.c:23:22: note: expanded from macro 'SIZE'
#define SIZE (sizeof(off64_t))
                     ^
5 errors generated.
make[1]: *** [CMakeFiles/cmTC_3403d.dir/OFF64_T.c.o] Error 1
make: *** [cmTC_3403d/fast] Error 2

/Users/ogre/works/2202/Felix/perpetuite-III/perpetuite-III/PIII/computerVision/node_modules/opencv-build/opencv/build/CMakeFiles/CheckTypeSize/OFF64_T.c:
#include <sys/types.h>
#include <stdint.h>
#include <stddef.h>


#undef KEY
#if defined(__i386)
# define KEY '_','_','i','3','8','6'
#elif defined(__x86_64)
# define KEY '_','_','x','8','6','_','6','4'
#elif defined(__ppc__)
# define KEY '_','_','p','p','c','_','_'
#elif defined(__ppc64__)
# define KEY '_','_','p','p','c','6','4','_','_'
#elif defined(__aarch64__)
# define KEY '_','_','a','a','r','c','h','6','4','_','_'
#elif defined(__ARM_ARCH_7A__)
# define KEY '_','_','A','R','M','_','A','R','C','H','_','7','A','_','_'
#elif defined(__ARM_ARCH_7S__)
# define KEY '_','_','A','R','M','_','A','R','C','H','_','7','S','_','_'
#endif

#define SIZE (sizeof(off64_t))
char info_size[] =  {'I', 'N', 'F', 'O', ':', 's','i','z','e','[',
  ('0' + ((SIZE / 10000)%10)),
  ('0' + ((SIZE / 1000)%10)),
  ('0' + ((SIZE / 100)%10)),
  ('0' + ((SIZE / 10)%10)),
  ('0' +  (SIZE    % 10)),
  ']',
#ifdef KEY
  ' ','k','e','y','[', KEY, ']',
#endif
  '\0'};

#ifdef __CLASSIC_C__
int main(argc, argv) int argc; char *argv[];
#else
int main(int argc, char *argv[])
#endif
{
  int require = 0;
  require += info_size[argc];
  (void)argv;
  return require;
}


Determining if the include file io.h exists failed with the following output:
Change Dir: /Users/ogre/works/2202/Felix/perpetuite-III/perpetuite-III/PIII/computerVision/node_modules/opencv-build/opencv/build/CMakeFiles/CMakeTmp

Run Build Command:"/usr/bin/make" "cmTC_24c8d/fast"
/Applications/codeEditors/Xcode.app/Contents/Developer/usr/bin/make -f CMakeFiles/cmTC_24c8d.dir/build.make CMakeFiles/cmTC_24c8d.dir/build
Building C object CMakeFiles/cmTC_24c8d.dir/CheckIncludeFile.c.o
/Applications/codeEditors/Xcode.app/Contents/Developer/Toolchains/XcodeDefault.xctoolchain/usr/bin/cc   -fsigned-char -W -Wall -Werror=return-type -Werror=non-virtual-dtor -Werror=address -Werror=sequence-point -Wformat -Werror=format-security -Wmissing-declarations -Wmissing-prototypes -Wstrict-prototypes -Wundef -Winit-self -Wpointer-arith -Wshadow -Wsign-promo -Wuninitialized -Winit-self -Wno-delete-non-virtual-dtor -Wno-unnamed-type-template-args -Wno-comment -fdiagnostics-show-option -Wno-long-long -Qunused-arguments -Wno-semicolon-before-method-body -ffunction-sections -fdata-sections  -fvisibility=hidden -fvisibility-inlines-hidden  -O3 -DNDEBUG -fPIE   -o CMakeFiles/cmTC_24c8d.dir/CheckIncludeFile.c.o   -c /Users/ogre/works/2202/Felix/perpetuite-III/perpetuite-III/PIII/computerVision/node_modules/opencv-build/opencv/build/CMakeFiles/CMakeTmp/CheckIncludeFile.c
/Users/ogre/works/2202/Felix/perpetuite-III/perpetuite-III/PIII/computerVision/node_modules/opencv-build/opencv/build/CMakeFiles/CMakeTmp/CheckIncludeFile.c:1:10: fatal error: 'io.h' file not found
#include <io.h>
         ^~~~~~
1 error generated.
make[1]: *** [CMakeFiles/cmTC_24c8d.dir/CheckIncludeFile.c.o] Error 1
make: *** [cmTC_24c8d/fast] Error 2


Determining size of INT8 failed with the following output:
Change Dir: /Users/ogre/works/2202/Felix/perpetuite-III/perpetuite-III/PIII/computerVision/node_modules/opencv-build/opencv/build/CMakeFiles/CMakeTmp

Run Build Command:"/usr/bin/make" "cmTC_b60b8/fast"
/Applications/codeEditors/Xcode.app/Contents/Developer/usr/bin/make -f CMakeFiles/cmTC_b60b8.dir/build.make CMakeFiles/cmTC_b60b8.dir/build
Building C object CMakeFiles/cmTC_b60b8.dir/int8.c.o
/Applications/codeEditors/Xcode.app/Contents/Developer/Toolchains/XcodeDefault.xctoolchain/usr/bin/cc   -fsigned-char -W -Wall -Werror=return-type -Werror=non-virtual-dtor -Werror=address -Werror=sequence-point -Wformat -Werror=format-security -Wmissing-declarations -Wmissing-prototypes -Wstrict-prototypes -Wundef -Winit-self -Wpointer-arith -Wshadow -Wsign-promo -Wuninitialized -Winit-self -Wno-delete-non-virtual-dtor -Wno-unnamed-type-template-args -Wno-comment -fdiagnostics-show-option -Wno-long-long -Qunused-arguments -Wno-semicolon-before-method-body -ffunction-sections -fdata-sections  -fvisibility=hidden -fvisibility-inlines-hidden  -O3 -DNDEBUG -fPIE   -o CMakeFiles/cmTC_b60b8.dir/int8.c.o   -c /Users/ogre/works/2202/Felix/perpetuite-III/perpetuite-III/PIII/computerVision/node_modules/opencv-build/opencv/build/CMakeFiles/CheckTypeSize/int8.c
/Users/ogre/works/2202/Felix/perpetuite-III/perpetuite-III/PIII/computerVision/node_modules/opencv-build/opencv/build/CMakeFiles/CheckTypeSize/int8.c:25:12: error: use of undeclared identifier 'INT8'
  ('0' + ((SIZE / 10000)%10)),
           ^
/Users/ogre/works/2202/Felix/perpetuite-III/perpetuite-III/PIII/computerVision/node_modules/opencv-build/opencv/build/CMakeFiles/CheckTypeSize/int8.c:23:22: note: expanded from macro 'SIZE'
#define SIZE (sizeof(INT8))
                     ^
/Users/ogre/works/2202/Felix/perpetuite-III/perpetuite-III/PIII/computerVision/node_modules/opencv-build/opencv/build/CMakeFiles/CheckTypeSize/int8.c:26:12: error: use of undeclared identifier 'INT8'
  ('0' + ((SIZE / 1000)%10)),
           ^
/Users/ogre/works/2202/Felix/perpetuite-III/perpetuite-III/PIII/computerVision/node_modules/opencv-build/opencv/build/CMakeFiles/CheckTypeSize/int8.c:23:22: note: expanded from macro 'SIZE'
#define SIZE (sizeof(INT8))
                     ^
/Users/ogre/works/2202/Felix/perpetuite-III/perpetuite-III/PIII/computerVision/node_modules/opencv-build/opencv/build/CMakeFiles/CheckTypeSize/int8.c:27:12: error: use of undeclared identifier 'INT8'
  ('0' + ((SIZE / 100)%10)),
           ^
/Users/ogre/works/2202/Felix/perpetuite-III/perpetuite-III/PIII/computerVision/node_modules/opencv-build/opencv/build/CMakeFiles/CheckTypeSize/int8.c:23:22: note: expanded from macro 'SIZE'
#define SIZE (sizeof(INT8))
                     ^
/Users/ogre/works/2202/Felix/perpetuite-III/perpetuite-III/PIII/computerVision/node_modules/opencv-build/opencv/build/CMakeFiles/CheckTypeSize/int8.c:28:12: error: use of undeclared identifier 'INT8'
  ('0' + ((SIZE / 10)%10)),
           ^
/Users/ogre/works/2202/Felix/perpetuite-III/perpetuite-III/PIII/computerVision/node_modules/opencv-build/opencv/build/CMakeFiles/CheckTypeSize/int8.c:23:22: note: expanded from macro 'SIZE'
#define SIZE (sizeof(INT8))
                     ^
/Users/ogre/works/2202/Felix/perpetuite-III/perpetuite-III/PIII/computerVision/node_modules/opencv-build/opencv/build/CMakeFiles/CheckTypeSize/int8.c:29:12: error: use of undeclared identifier 'INT8'
  ('0' +  (SIZE    % 10)),
           ^
/Users/ogre/works/2202/Felix/perpetuite-III/perpetuite-III/PIII/computerVision/node_modules/opencv-build/opencv/build/CMakeFiles/CheckTypeSize/int8.c:23:22: note: expanded from macro 'SIZE'
#define SIZE (sizeof(INT8))
                     ^
5 errors generated.
make[1]: *** [CMakeFiles/cmTC_b60b8.dir/int8.c.o] Error 1
make: *** [cmTC_b60b8/fast] Error 2

/Users/ogre/works/2202/Felix/perpetuite-III/perpetuite-III/PIII/computerVision/node_modules/opencv-build/opencv/build/CMakeFiles/CheckTypeSize/int8.c:
#include <sys/types.h>
#include <stdint.h>
#include <stddef.h>


#undef KEY
#if defined(__i386)
# define KEY '_','_','i','3','8','6'
#elif defined(__x86_64)
# define KEY '_','_','x','8','6','_','6','4'
#elif defined(__ppc__)
# define KEY '_','_','p','p','c','_','_'
#elif defined(__ppc64__)
# define KEY '_','_','p','p','c','6','4','_','_'
#elif defined(__aarch64__)
# define KEY '_','_','a','a','r','c','h','6','4','_','_'
#elif defined(__ARM_ARCH_7A__)
# define KEY '_','_','A','R','M','_','A','R','C','H','_','7','A','_','_'
#elif defined(__ARM_ARCH_7S__)
# define KEY '_','_','A','R','M','_','A','R','C','H','_','7','S','_','_'
#endif

#define SIZE (sizeof(INT8))
char info_size[] =  {'I', 'N', 'F', 'O', ':', 's','i','z','e','[',
  ('0' + ((SIZE / 10000)%10)),
  ('0' + ((SIZE / 1000)%10)),
  ('0' + ((SIZE / 100)%10)),
  ('0' + ((SIZE / 10)%10)),
  ('0' +  (SIZE    % 10)),
  ']',
#ifdef KEY
  ' ','k','e','y','[', KEY, ']',
#endif
  '\0'};

#ifdef __CLASSIC_C__
int main(argc, argv) int argc; char *argv[];
#else
int main(int argc, char *argv[])
#endif
{
  int require = 0;
  require += info_size[argc];
  (void)argv;
  return require;
}


Determining size of INT16 failed with the following output:
Change Dir: /Users/ogre/works/2202/Felix/perpetuite-III/perpetuite-III/PIII/computerVision/node_modules/opencv-build/opencv/build/CMakeFiles/CMakeTmp

Run Build Command:"/usr/bin/make" "cmTC_6e3db/fast"
/Applications/codeEditors/Xcode.app/Contents/Developer/usr/bin/make -f CMakeFiles/cmTC_6e3db.dir/build.make CMakeFiles/cmTC_6e3db.dir/build
Building C object CMakeFiles/cmTC_6e3db.dir/int16.c.o
/Applications/codeEditors/Xcode.app/Contents/Developer/Toolchains/XcodeDefault.xctoolchain/usr/bin/cc   -fsigned-char -W -Wall -Werror=return-type -Werror=non-virtual-dtor -Werror=address -Werror=sequence-point -Wformat -Werror=format-security -Wmissing-declarations -Wmissing-prototypes -Wstrict-prototypes -Wundef -Winit-self -Wpointer-arith -Wshadow -Wsign-promo -Wuninitialized -Winit-self -Wno-delete-non-virtual-dtor -Wno-unnamed-type-template-args -Wno-comment -fdiagnostics-show-option -Wno-long-long -Qunused-arguments -Wno-semicolon-before-method-body -ffunction-sections -fdata-sections  -fvisibility=hidden -fvisibility-inlines-hidden  -O3 -DNDEBUG -fPIE   -o CMakeFiles/cmTC_6e3db.dir/int16.c.o   -c /Users/ogre/works/2202/Felix/perpetuite-III/perpetuite-III/PIII/computerVision/node_modules/opencv-build/opencv/build/CMakeFiles/CheckTypeSize/int16.c
/Users/ogre/works/2202/Felix/perpetuite-III/perpetuite-III/PIII/computerVision/node_modules/opencv-build/opencv/build/CMakeFiles/CheckTypeSize/int16.c:25:12: error: use of undeclared identifier 'INT16'
  ('0' + ((SIZE / 10000)%10)),
           ^
/Users/ogre/works/2202/Felix/perpetuite-III/perpetuite-III/PIII/computerVision/node_modules/opencv-build/opencv/build/CMakeFiles/CheckTypeSize/int16.c:23:22: note: expanded from macro 'SIZE'
#define SIZE (sizeof(INT16))
                     ^
/Users/ogre/works/2202/Felix/perpetuite-III/perpetuite-III/PIII/computerVision/node_modules/opencv-build/opencv/build/CMakeFiles/CheckTypeSize/int16.c:26:12: error: use of undeclared identifier 'INT16'
  ('0' + ((SIZE / 1000)%10)),
           ^
/Users/ogre/works/2202/Felix/perpetuite-III/perpetuite-III/PIII/computerVision/node_modules/opencv-build/opencv/build/CMakeFiles/CheckTypeSize/int16.c:23:22: note: expanded from macro 'SIZE'
#define SIZE (sizeof(INT16))
                     ^
/Users/ogre/works/2202/Felix/perpetuite-III/perpetuite-III/PIII/computerVision/node_modules/opencv-build/opencv/build/CMakeFiles/CheckTypeSize/int16.c:27:12: error: use of undeclared identifier 'INT16'
  ('0' + ((SIZE / 100)%10)),
           ^
/Users/ogre/works/2202/Felix/perpetuite-III/perpetuite-III/PIII/computerVision/node_modules/opencv-build/opencv/build/CMakeFiles/CheckTypeSize/int16.c:23:22: note: expanded from macro 'SIZE'
#define SIZE (sizeof(INT16))
                     ^
/Users/ogre/works/2202/Felix/perpetuite-III/perpetuite-III/PIII/computerVision/node_modules/opencv-build/opencv/build/CMakeFiles/CheckTypeSize/int16.c:28:12: error: use of undeclared identifier 'INT16'
  ('0' + ((SIZE / 10)%10)),
           ^
/Users/ogre/works/2202/Felix/perpetuite-III/perpetuite-III/PIII/computerVision/node_modules/opencv-build/opencv/build/CMakeFiles/CheckTypeSize/int16.c:23:22: note: expanded from macro 'SIZE'
#define SIZE (sizeof(INT16))
                     ^
/Users/ogre/works/2202/Felix/perpetuite-III/perpetuite-III/PIII/computerVision/node_modules/opencv-build/opencv/build/CMakeFiles/CheckTypeSize/int16.c:29:12: error: use of undeclared identifier 'INT16'
  ('0' +  (SIZE    % 10)),
           ^
/Users/ogre/works/2202/Felix/perpetuite-III/perpetuite-III/PIII/computerVision/node_modules/opencv-build/opencv/build/CMakeFiles/CheckTypeSize/int16.c:23:22: note: expanded from macro 'SIZE'
#define SIZE (sizeof(INT16))
                     ^
5 errors generated.
make[1]: *** [CMakeFiles/cmTC_6e3db.dir/int16.c.o] Error 1
make: *** [cmTC_6e3db/fast] Error 2

/Users/ogre/works/2202/Felix/perpetuite-III/perpetuite-III/PIII/computerVision/node_modules/opencv-build/opencv/build/CMakeFiles/CheckTypeSize/int16.c:
#include <sys/types.h>
#include <stdint.h>
#include <stddef.h>


#undef KEY
#if defined(__i386)
# define KEY '_','_','i','3','8','6'
#elif defined(__x86_64)
# define KEY '_','_','x','8','6','_','6','4'
#elif defined(__ppc__)
# define KEY '_','_','p','p','c','_','_'
#elif defined(__ppc64__)
# define KEY '_','_','p','p','c','6','4','_','_'
#elif defined(__aarch64__)
# define KEY '_','_','a','a','r','c','h','6','4','_','_'
#elif defined(__ARM_ARCH_7A__)
# define KEY '_','_','A','R','M','_','A','R','C','H','_','7','A','_','_'
#elif defined(__ARM_ARCH_7S__)
# define KEY '_','_','A','R','M','_','A','R','C','H','_','7','S','_','_'
#endif

#define SIZE (sizeof(INT16))
char info_size[] =  {'I', 'N', 'F', 'O', ':', 's','i','z','e','[',
  ('0' + ((SIZE / 10000)%10)),
  ('0' + ((SIZE / 1000)%10)),
  ('0' + ((SIZE / 100)%10)),
  ('0' + ((SIZE / 10)%10)),
  ('0' +  (SIZE    % 10)),
  ']',
#ifdef KEY
  ' ','k','e','y','[', KEY, ']',
#endif
  '\0'};

#ifdef __CLASSIC_C__
int main(argc, argv) int argc; char *argv[];
#else
int main(int argc, char *argv[])
#endif
{
  int require = 0;
  require += info_size[argc];
  (void)argv;
  return require;
}


Determining size of INT32 failed with the following output:
Change Dir: /Users/ogre/works/2202/Felix/perpetuite-III/perpetuite-III/PIII/computerVision/node_modules/opencv-build/opencv/build/CMakeFiles/CMakeTmp

Run Build Command:"/usr/bin/make" "cmTC_f31f3/fast"
/Applications/codeEditors/Xcode.app/Contents/Developer/usr/bin/make -f CMakeFiles/cmTC_f31f3.dir/build.make CMakeFiles/cmTC_f31f3.dir/build
Building C object CMakeFiles/cmTC_f31f3.dir/int32.c.o
/Applications/codeEditors/Xcode.app/Contents/Developer/Toolchains/XcodeDefault.xctoolchain/usr/bin/cc   -fsigned-char -W -Wall -Werror=return-type -Werror=non-virtual-dtor -Werror=address -Werror=sequence-point -Wformat -Werror=format-security -Wmissing-declarations -Wmissing-prototypes -Wstrict-prototypes -Wundef -Winit-self -Wpointer-arith -Wshadow -Wsign-promo -Wuninitialized -Winit-self -Wno-delete-non-virtual-dtor -Wno-unnamed-type-template-args -Wno-comment -fdiagnostics-show-option -Wno-long-long -Qunused-arguments -Wno-semicolon-before-method-body -ffunction-sections -fdata-sections  -fvisibility=hidden -fvisibility-inlines-hidden  -O3 -DNDEBUG -fPIE   -o CMakeFiles/cmTC_f31f3.dir/int32.c.o   -c /Users/ogre/works/2202/Felix/perpetuite-III/perpetuite-III/PIII/computerVision/node_modules/opencv-build/opencv/build/CMakeFiles/CheckTypeSize/int32.c
/Users/ogre/works/2202/Felix/perpetuite-III/perpetuite-III/PIII/computerVision/node_modules/opencv-build/opencv/build/CMakeFiles/CheckTypeSize/int32.c:25:12: error: use of undeclared identifier 'INT32'
  ('0' + ((SIZE / 10000)%10)),
           ^
/Users/ogre/works/2202/Felix/perpetuite-III/perpetuite-III/PIII/computerVision/node_modules/opencv-build/opencv/build/CMakeFiles/CheckTypeSize/int32.c:23:22: note: expanded from macro 'SIZE'
#define SIZE (sizeof(INT32))
                     ^
/Users/ogre/works/2202/Felix/perpetuite-III/perpetuite-III/PIII/computerVision/node_modules/opencv-build/opencv/build/CMakeFiles/CheckTypeSize/int32.c:26:12: error: use of undeclared identifier 'INT32'
  ('0' + ((SIZE / 1000)%10)),
           ^
/Users/ogre/works/2202/Felix/perpetuite-III/perpetuite-III/PIII/computerVision/node_modules/opencv-build/opencv/build/CMakeFiles/CheckTypeSize/int32.c:23:22: note: expanded from macro 'SIZE'
#define SIZE (sizeof(INT32))
                     ^
/Users/ogre/works/2202/Felix/perpetuite-III/perpetuite-III/PIII/computerVision/node_modules/opencv-build/opencv/build/CMakeFiles/CheckTypeSize/int32.c:27:12: error: use of undeclared identifier 'INT32'
  ('0' + ((SIZE / 100)%10)),
           ^
/Users/ogre/works/2202/Felix/perpetuite-III/perpetuite-III/PIII/computerVision/node_modules/opencv-build/opencv/build/CMakeFiles/CheckTypeSize/int32.c:23:22: note: expanded from macro 'SIZE'
#define SIZE (sizeof(INT32))
                     ^
/Users/ogre/works/2202/Felix/perpetuite-III/perpetuite-III/PIII/computerVision/node_modules/opencv-build/opencv/build/CMakeFiles/CheckTypeSize/int32.c:28:12: error: use of undeclared identifier 'INT32'
  ('0' + ((SIZE / 10)%10)),
           ^
/Users/ogre/works/2202/Felix/perpetuite-III/perpetuite-III/PIII/computerVision/node_modules/opencv-build/opencv/build/CMakeFiles/CheckTypeSize/int32.c:23:22: note: expanded from macro 'SIZE'
#define SIZE (sizeof(INT32))
                     ^
/Users/ogre/works/2202/Felix/perpetuite-III/perpetuite-III/PIII/computerVision/node_modules/opencv-build/opencv/build/CMakeFiles/CheckTypeSize/int32.c:29:12: error: use of undeclared identifier 'INT32'
  ('0' +  (SIZE    % 10)),
           ^
/Users/ogre/works/2202/Felix/perpetuite-III/perpetuite-III/PIII/computerVision/node_modules/opencv-build/opencv/build/CMakeFiles/CheckTypeSize/int32.c:23:22: note: expanded from macro 'SIZE'
#define SIZE (sizeof(INT32))
                     ^
5 errors generated.
make[1]: *** [CMakeFiles/cmTC_f31f3.dir/int32.c.o] Error 1
make: *** [cmTC_f31f3/fast] Error 2

/Users/ogre/works/2202/Felix/perpetuite-III/perpetuite-III/PIII/computerVision/node_modules/opencv-build/opencv/build/CMakeFiles/CheckTypeSize/int32.c:
#include <sys/types.h>
#include <stdint.h>
#include <stddef.h>


#undef KEY
#if defined(__i386)
# define KEY '_','_','i','3','8','6'
#elif defined(__x86_64)
# define KEY '_','_','x','8','6','_','6','4'
#elif defined(__ppc__)
# define KEY '_','_','p','p','c','_','_'
#elif defined(__ppc64__)
# define KEY '_','_','p','p','c','6','4','_','_'
#elif defined(__aarch64__)
# define KEY '_','_','a','a','r','c','h','6','4','_','_'
#elif defined(__ARM_ARCH_7A__)
# define KEY '_','_','A','R','M','_','A','R','C','H','_','7','A','_','_'
#elif defined(__ARM_ARCH_7S__)
# define KEY '_','_','A','R','M','_','A','R','C','H','_','7','S','_','_'
#endif

#define SIZE (sizeof(INT32))
char info_size[] =  {'I', 'N', 'F', 'O', ':', 's','i','z','e','[',
  ('0' + ((SIZE / 10000)%10)),
  ('0' + ((SIZE / 1000)%10)),
  ('0' + ((SIZE / 100)%10)),
  ('0' + ((SIZE / 10)%10)),
  ('0' +  (SIZE    % 10)),
  ']',
#ifdef KEY
  ' ','k','e','y','[', KEY, ']',
#endif
  '\0'};

#ifdef __CLASSIC_C__
int main(argc, argv) int argc; char *argv[];
#else
int main(int argc, char *argv[])
#endif
{
  int require = 0;
  require += info_size[argc];
  (void)argv;
  return require;
}


Build output check failed:
    Regex: 'unknown .*option'
    Output line: 'warning: unknown warning option '-Wno-unused-but-set-variable', did you mean '-Wno-unused-const-variable'? [-Wunknown-warning-option]'
Compilation failed:
    source file: '/Users/ogre/works/2202/Felix/perpetuite-III/perpetuite-III/PIII/computerVision/node_modules/opencv-build/opencv/build/CMakeFiles/CMakeTmp/src.c'
    check option: ' -Wno-unused-but-set-variable'
===== BUILD LOG =====
Change Dir: /Users/ogre/works/2202/Felix/perpetuite-III/perpetuite-III/PIII/computerVision/node_modules/opencv-build/opencv/build/CMakeFiles/CMakeTmp

Run Build Command:"/usr/bin/make" "cmTC_a19b4/fast"
/Applications/codeEditors/Xcode.app/Contents/Developer/usr/bin/make -f CMakeFiles/cmTC_a19b4.dir/build.make CMakeFiles/cmTC_a19b4.dir/build
Building C object CMakeFiles/cmTC_a19b4.dir/src.c.o
/Applications/codeEditors/Xcode.app/Contents/Developer/Toolchains/XcodeDefault.xctoolchain/usr/bin/cc   -fsigned-char -W -Wall -Werror=return-type -Werror=non-virtual-dtor -Werror=address -Werror=sequence-point -Wformat -Werror=format-security -Wmissing-declarations -Wmissing-prototypes -Wstrict-prototypes -Wundef -Winit-self -Wpointer-arith -Wshadow -Wsign-promo -Wuninitialized -Winit-self -Wno-delete-non-virtual-dtor -Wno-unnamed-type-template-args -Wno-comment -fdiagnostics-show-option -Wno-long-long -Qunused-arguments -Wno-semicolon-before-method-body -ffunction-sections -fdata-sections  -fvisibility=hidden -fvisibility-inlines-hidden  -O3 -DNDEBUG -fPIE   -Wno-unused-but-set-variable -o CMakeFiles/cmTC_a19b4.dir/src.c.o   -c /Users/ogre/works/2202/Felix/perpetuite-III/perpetuite-III/PIII/computerVision/node_modules/opencv-build/opencv/build/CMakeFiles/CMakeTmp/src.c
warning: unknown warning option '-Wno-unused-but-set-variable'; did you mean '-Wno-unused-const-variable'? [-Wunknown-warning-option]
/Users/ogre/works/2202/Felix/perpetuite-III/perpetuite-III/PIII/computerVision/node_modules/opencv-build/opencv/build/CMakeFiles/CMakeTmp/src.c:1:8: warning: unknown pragma ignored [-Wunknown-pragmas]
#pragma
       ^
2 warnings generated.
Linking C executable cmTC_a19b4
/usr/local/Cellar/cmake/3.11.2/bin/cmake -E cmake_link_script CMakeFiles/cmTC_a19b4.dir/link.txt --verbose=1
/Applications/codeEditors/Xcode.app/Contents/Developer/Toolchains/XcodeDefault.xctoolchain/usr/bin/cc    -fsigned-char -W -Wall -Werror=return-type -Werror=non-virtual-dtor -Werror=address -Werror=sequence-point -Wformat -Werror=format-security -Wmissing-declarations -Wmissing-prototypes -Wstrict-prototypes -Wundef -Winit-self -Wpointer-arith -Wshadow -Wsign-promo -Wuninitialized -Winit-self -Wno-delete-non-virtual-dtor -Wno-unnamed-type-template-args -Wno-comment -fdiagnostics-show-option -Wno-long-long -Qunused-arguments -Wno-semicolon-before-method-body -ffunction-sections -fdata-sections  -fvisibility=hidden -fvisibility-inlines-hidden  -O3 -DNDEBUG -Wl,-search_paths_first -Wl,-headerpad_max_install_names   -Wl,-dead_strip  CMakeFiles/cmTC_a19b4.dir/src.c.o  -o cmTC_a19b4 

===== END =====

Build output check failed:
    Regex: 'unknown .*option'
    Output line: 'warning: unknown warning option '-Wno-maybe-uninitialized', did you mean '-Wno-uninitialized'? [-Wunknown-warning-option]'
Compilation failed:
    source file: '/Users/ogre/works/2202/Felix/perpetuite-III/perpetuite-III/PIII/computerVision/node_modules/opencv-build/opencv/build/CMakeFiles/CMakeTmp/src.c'
    check option: ' -Wno-maybe-uninitialized'
===== BUILD LOG =====
Change Dir: /Users/ogre/works/2202/Felix/perpetuite-III/perpetuite-III/PIII/computerVision/node_modules/opencv-build/opencv/build/CMakeFiles/CMakeTmp

Run Build Command:"/usr/bin/make" "cmTC_20deb/fast"
/Applications/codeEditors/Xcode.app/Contents/Developer/usr/bin/make -f CMakeFiles/cmTC_20deb.dir/build.make CMakeFiles/cmTC_20deb.dir/build
Building C object CMakeFiles/cmTC_20deb.dir/src.c.o
/Applications/codeEditors/Xcode.app/Contents/Developer/Toolchains/XcodeDefault.xctoolchain/usr/bin/cc   -fsigned-char -W -Wall -Werror=return-type -Werror=non-virtual-dtor -Werror=address -Werror=sequence-point -Wformat -Werror=format-security -Wstrict-prototypes -Winit-self -Wpointer-arith -Wsign-promo -Wuninitialized -Winit-self -Wno-delete-non-virtual-dtor -Wno-unnamed-type-template-args -Wno-comment -fdiagnostics-show-option -Wno-long-long -Qunused-arguments -Wno-semicolon-before-method-body -ffunction-sections -fdata-sections  -fvisibility=hidden -fvisibility-inlines-hidden -Wno-missing-prototypes -Wno-missing-declarations -Wno-undef -Wno-unused -Wno-sign-compare -Wno-cast-align -Wno-shadow  -O3 -DNDEBUG -fPIE   -Wno-maybe-uninitialized -o CMakeFiles/cmTC_20deb.dir/src.c.o   -c /Users/ogre/works/2202/Felix/perpetuite-III/perpetuite-III/PIII/computerVision/node_modules/opencv-build/opencv/build/CMakeFiles/CMakeTmp/src.c
warning: unknown warning option '-Wno-maybe-uninitialized'; did you mean '-Wno-uninitialized'? [-Wunknown-warning-option]
/Users/ogre/works/2202/Felix/perpetuite-III/perpetuite-III/PIII/computerVision/node_modules/opencv-build/opencv/build/CMakeFiles/CMakeTmp/src.c:1:8: warning: unknown pragma ignored [-Wunknown-pragmas]
#pragma
       ^
2 warnings generated.
Linking C executable cmTC_20deb
/usr/local/Cellar/cmake/3.11.2/bin/cmake -E cmake_link_script CMakeFiles/cmTC_20deb.dir/link.txt --verbose=1
/Applications/codeEditors/Xcode.app/Contents/Developer/Toolchains/XcodeDefault.xctoolchain/usr/bin/cc    -fsigned-char -W -Wall -Werror=return-type -Werror=non-virtual-dtor -Werror=address -Werror=sequence-point -Wformat -Werror=format-security -Wstrict-prototypes -Winit-self -Wpointer-arith -Wsign-promo -Wuninitialized -Winit-self -Wno-delete-non-virtual-dtor -Wno-unnamed-type-template-args -Wno-comment -fdiagnostics-show-option -Wno-long-long -Qunused-arguments -Wno-semicolon-before-method-body -ffunction-sections -fdata-sections  -fvisibility=hidden -fvisibility-inlines-hidden -Wno-missing-prototypes -Wno-missing-declarations -Wno-undef -Wno-unused -Wno-sign-compare -Wno-cast-align -Wno-shadow  -O3 -DNDEBUG -Wl,-search_paths_first -Wl,-headerpad_max_install_names   -Wl,-dead_strip  CMakeFiles/cmTC_20deb.dir/src.c.o  -o cmTC_20deb 

===== END =====

Build output check failed:
    Regex: 'unknown .*option'
    Output line: 'warning: unknown warning option '-Wno-misleading-indentation', did you mean '-Wno-missing-declarations'? [-Wunknown-warning-option]'
Compilation failed:
    source file: '/Users/ogre/works/2202/Felix/perpetuite-III/perpetuite-III/PIII/computerVision/node_modules/opencv-build/opencv/build/CMakeFiles/CMakeTmp/src.c'
    check option: ' -Wno-misleading-indentation'
===== BUILD LOG =====
Change Dir: /Users/ogre/works/2202/Felix/perpetuite-III/perpetuite-III/PIII/computerVision/node_modules/opencv-build/opencv/build/CMakeFiles/CMakeTmp

Run Build Command:"/usr/bin/make" "cmTC_d8477/fast"
/Applications/codeEditors/Xcode.app/Contents/Developer/usr/bin/make -f CMakeFiles/cmTC_d8477.dir/build.make CMakeFiles/cmTC_d8477.dir/build
Building C object CMakeFiles/cmTC_d8477.dir/src.c.o
/Applications/codeEditors/Xcode.app/Contents/Developer/Toolchains/XcodeDefault.xctoolchain/usr/bin/cc   -fsigned-char -W -Wall -Werror=return-type -Werror=non-virtual-dtor -Werror=address -Werror=sequence-point -Wformat -Werror=format-security -Wstrict-prototypes -Winit-self -Wpointer-arith -Wsign-promo -Wuninitialized -Winit-self -Wno-delete-non-virtual-dtor -Wno-unnamed-type-template-args -Wno-comment -fdiagnostics-show-option -Wno-long-long -Qunused-arguments -Wno-semicolon-before-method-body -ffunction-sections -fdata-sections  -fvisibility=hidden -fvisibility-inlines-hidden -Wno-missing-prototypes -Wno-missing-declarations -Wno-undef -Wno-unused -Wno-sign-compare -Wno-cast-align -Wno-shadow -Wno-pointer-to-int-cast -Wno-int-to-pointer-cast  -O3 -DNDEBUG -fPIE   -Wno-misleading-indentation -o CMakeFiles/cmTC_d8477.dir/src.c.o   -c /Users/ogre/works/2202/Felix/perpetuite-III/perpetuite-III/PIII/computerVision/node_modules/opencv-build/opencv/build/CMakeFiles/CMakeTmp/src.c
warning: unknown warning option '-Wno-misleading-indentation'; did you mean '-Wno-missing-declarations'? [-Wunknown-warning-option]
/Users/ogre/works/2202/Felix/perpetuite-III/perpetuite-III/PIII/computerVision/node_modules/opencv-build/opencv/build/CMakeFiles/CMakeTmp/src.c:1:8: warning: unknown pragma ignored [-Wunknown-pragmas]
#pragma
       ^
2 warnings generated.
Linking C executable cmTC_d8477
/usr/local/Cellar/cmake/3.11.2/bin/cmake -E cmake_link_script CMakeFiles/cmTC_d8477.dir/link.txt --verbose=1
/Applications/codeEditors/Xcode.app/Contents/Developer/Toolchains/XcodeDefault.xctoolchain/usr/bin/cc    -fsigned-char -W -Wall -Werror=return-type -Werror=non-virtual-dtor -Werror=address -Werror=sequence-point -Wformat -Werror=format-security -Wstrict-prototypes -Winit-self -Wpointer-arith -Wsign-promo -Wuninitialized -Winit-self -Wno-delete-non-virtual-dtor -Wno-unnamed-type-template-args -Wno-comment -fdiagnostics-show-option -Wno-long-long -Qunused-arguments -Wno-semicolon-before-method-body -ffunction-sections -fdata-sections  -fvisibility=hidden -fvisibility-inlines-hidden -Wno-missing-prototypes -Wno-missing-declarations -Wno-undef -Wno-unused -Wno-sign-compare -Wno-cast-align -Wno-shadow -Wno-pointer-to-int-cast -Wno-int-to-pointer-cast  -O3 -DNDEBUG -Wl,-search_paths_first -Wl,-headerpad_max_install_names   -Wl,-dead_strip  CMakeFiles/cmTC_d8477.dir/src.c.o  -o cmTC_d8477 

===== END =====

Build output check failed:
    Regex: 'unknown .*option'
    Output line: 'warning: unknown warning option '-Wno-unused-but-set-parameter', did you mean '-Wno-unused-parameter'? [-Wunknown-warning-option]'
Compilation failed:
    source file: '/Users/ogre/works/2202/Felix/perpetuite-III/perpetuite-III/PIII/computerVision/node_modules/opencv-build/opencv/build/CMakeFiles/CMakeTmp/src.c'
    check option: ' -Wno-unused-but-set-parameter'
===== BUILD LOG =====
Change Dir: /Users/ogre/works/2202/Felix/perpetuite-III/perpetuite-III/PIII/computerVision/node_modules/opencv-build/opencv/build/CMakeFiles/CMakeTmp

Run Build Command:"/usr/bin/make" "cmTC_8bd39/fast"
/Applications/codeEditors/Xcode.app/Contents/Developer/usr/bin/make -f CMakeFiles/cmTC_8bd39.dir/build.make CMakeFiles/cmTC_8bd39.dir/build
Building C object CMakeFiles/cmTC_8bd39.dir/src.c.o
/Applications/codeEditors/Xcode.app/Contents/Developer/Toolchains/XcodeDefault.xctoolchain/usr/bin/cc   -fsigned-char -W -Wall -Werror=return-type -Werror=non-virtual-dtor -Werror=address -Werror=sequence-point -Wformat -Werror=format-security -Wmissing-declarations -Wstrict-prototypes -Wundef -Winit-self -Wpointer-arith -Wshadow -Wsign-promo -Wuninitialized -Winit-self -Wno-delete-non-virtual-dtor -Wno-unnamed-type-template-args -Wno-comment -fdiagnostics-show-option -Wno-long-long -Qunused-arguments -Wno-semicolon-before-method-body -ffunction-sections -fdata-sections  -fvisibility=hidden -fvisibility-inlines-hidden -Wno-implicit-function-declaration -Wno-uninitialized -Wno-missing-prototypes  -O3 -DNDEBUG -fPIE   -Wno-unused-but-set-parameter -o CMakeFiles/cmTC_8bd39.dir/src.c.o   -c /Users/ogre/works/2202/Felix/perpetuite-III/perpetuite-III/PIII/computerVision/node_modules/opencv-build/opencv/build/CMakeFiles/CMakeTmp/src.c
warning: unknown warning option '-Wno-unused-but-set-parameter'; did you mean '-Wno-unused-parameter'? [-Wunknown-warning-option]
/Users/ogre/works/2202/Felix/perpetuite-III/perpetuite-III/PIII/computerVision/node_modules/opencv-build/opencv/build/CMakeFiles/CMakeTmp/src.c:1:8: warning: unknown pragma ignored [-Wunknown-pragmas]
#pragma
       ^
2 warnings generated.
Linking C executable cmTC_8bd39
/usr/local/Cellar/cmake/3.11.2/bin/cmake -E cmake_link_script CMakeFiles/cmTC_8bd39.dir/link.txt --verbose=1
/Applications/codeEditors/Xcode.app/Contents/Developer/Toolchains/XcodeDefault.xctoolchain/usr/bin/cc    -fsigned-char -W -Wall -Werror=return-type -Werror=non-virtual-dtor -Werror=address -Werror=sequence-point -Wformat -Werror=format-security -Wmissing-declarations -Wstrict-prototypes -Wundef -Winit-self -Wpointer-arith -Wshadow -Wsign-promo -Wuninitialized -Winit-self -Wno-delete-non-virtual-dtor -Wno-unnamed-type-template-args -Wno-comment -fdiagnostics-show-option -Wno-long-long -Qunused-arguments -Wno-semicolon-before-method-body -ffunction-sections -fdata-sections  -fvisibility=hidden -fvisibility-inlines-hidden -Wno-implicit-function-declaration -Wno-uninitialized -Wno-missing-prototypes  -O3 -DNDEBUG -Wl,-search_paths_first -Wl,-headerpad_max_install_names   -Wl,-dead_strip  CMakeFiles/cmTC_8bd39.dir/src.c.o  -o cmTC_8bd39 

===== END =====

Build output check failed:
    Regex: 'unknown .*option'
    Output line: 'warning: unknown warning option '-Wno-pointer-compare' [-Wunknown-warning-option]'
Compilation failed:
    source file: '/Users/ogre/works/2202/Felix/perpetuite-III/perpetuite-III/PIII/computerVision/node_modules/opencv-build/opencv/build/CMakeFiles/CMakeTmp/src.c'
    check option: ' -Wno-pointer-compare'
===== BUILD LOG =====
Change Dir: /Users/ogre/works/2202/Felix/perpetuite-III/perpetuite-III/PIII/computerVision/node_modules/opencv-build/opencv/build/CMakeFiles/CMakeTmp

Run Build Command:"/usr/bin/make" "cmTC_a2557/fast"
/Applications/codeEditors/Xcode.app/Contents/Developer/usr/bin/make -f CMakeFiles/cmTC_a2557.dir/build.make CMakeFiles/cmTC_a2557.dir/build
Building C object CMakeFiles/cmTC_a2557.dir/src.c.o
/Applications/codeEditors/Xcode.app/Contents/Developer/Toolchains/XcodeDefault.xctoolchain/usr/bin/cc   -fsigned-char -W -Wall -Werror=return-type -Werror=non-virtual-dtor -Werror=address -Werror=sequence-point -Wformat -Werror=format-security -Wstrict-prototypes -Wundef -Winit-self -Wpointer-arith -Wsign-promo -Wuninitialized -Winit-self -Wno-delete-non-virtual-dtor -Wno-unnamed-type-template-args -Wno-comment -fdiagnostics-show-option -Wno-long-long -Qunused-arguments -Wno-semicolon-before-method-body -ffunction-sections -fdata-sections  -fvisibility=hidden -fvisibility-inlines-hidden -Wno-implicit-function-declaration -Wno-uninitialized -Wno-missing-prototypes -Wno-missing-declarations -Wno-unused -Wno-shadow -Wno-sign-compare -Wno-strict-overflow  -O3 -DNDEBUG -fPIE   -Wno-pointer-compare -o CMakeFiles/cmTC_a2557.dir/src.c.o   -c /Users/ogre/works/2202/Felix/perpetuite-III/perpetuite-III/PIII/computerVision/node_modules/opencv-build/opencv/build/CMakeFiles/CMakeTmp/src.c
warning: unknown warning option '-Wno-pointer-compare' [-Wunknown-warning-option]
/Users/ogre/works/2202/Felix/perpetuite-III/perpetuite-III/PIII/computerVision/node_modules/opencv-build/opencv/build/CMakeFiles/CMakeTmp/src.c:1:8: warning: unknown pragma ignored [-Wunknown-pragmas]
#pragma
       ^
2 warnings generated.
Linking C executable cmTC_a2557
/usr/local/Cellar/cmake/3.11.2/bin/cmake -E cmake_link_script CMakeFiles/cmTC_a2557.dir/link.txt --verbose=1
/Applications/codeEditors/Xcode.app/Contents/Developer/Toolchains/XcodeDefault.xctoolchain/usr/bin/cc    -fsigned-char -W -Wall -Werror=return-type -Werror=non-virtual-dtor -Werror=address -Werror=sequence-point -Wformat -Werror=format-security -Wstrict-prototypes -Wundef -Winit-self -Wpointer-arith -Wsign-promo -Wuninitialized -Winit-self -Wno-delete-non-virtual-dtor -Wno-unnamed-type-template-args -Wno-comment -fdiagnostics-show-option -Wno-long-long -Qunused-arguments -Wno-semicolon-before-method-body -ffunction-sections -fdata-sections  -fvisibility=hidden -fvisibility-inlines-hidden -Wno-implicit-function-declaration -Wno-uninitialized -Wno-missing-prototypes -Wno-missing-declarations -Wno-unused -Wno-shadow -Wno-sign-compare -Wno-strict-overflow  -O3 -DNDEBUG -Wl,-search_paths_first -Wl,-headerpad_max_install_names   -Wl,-dead_strip  CMakeFiles/cmTC_a2557.dir/src.c.o  -o cmTC_a2557 

===== END =====

Build output check failed:
    Regex: 'unknown .*option'
    Output line: 'warning: unknown warning option '-Wno-misleading-indentation', did you mean '-Wno-missing-declarations'? [-Wunknown-warning-option]'
Compilation failed:
    source file: '/Users/ogre/works/2202/Felix/perpetuite-III/perpetuite-III/PIII/computerVision/node_modules/opencv-build/opencv/build/CMakeFiles/CMakeTmp/src.cxx'
    check option: ' -Wno-misleading-indentation'
===== BUILD LOG =====
Change Dir: /Users/ogre/works/2202/Felix/perpetuite-III/perpetuite-III/PIII/computerVision/node_modules/opencv-build/opencv/build/CMakeFiles/CMakeTmp

Run Build Command:"/usr/bin/make" "cmTC_37a06/fast"
/Applications/codeEditors/Xcode.app/Contents/Developer/usr/bin/make -f CMakeFiles/cmTC_37a06.dir/build.make CMakeFiles/cmTC_37a06.dir/build
Building CXX object CMakeFiles/cmTC_37a06.dir/src.cxx.o
/Applications/codeEditors/Xcode.app/Contents/Developer/Toolchains/XcodeDefault.xctoolchain/usr/bin/c++    -fsigned-char -W -Wall -Werror=return-type -Werror=non-virtual-dtor -Werror=address -Werror=sequence-point -Wformat -Werror=format-security -Wmissing-prototypes -Wstrict-prototypes -Winit-self -Wpointer-arith -Wsign-promo -Winit-self -Wno-delete-non-virtual-dtor -Wno-unnamed-type-template-args -Wno-comment -fdiagnostics-show-option -Wno-long-long -Qunused-arguments -Wno-semicolon-before-method-body -ffunction-sections -fdata-sections  -fvisibility=hidden -fvisibility-inlines-hidden -Wno-shadow -Wno-unused -Wno-sign-compare -Wno-undef -Wno-missing-declarations -Wno-uninitialized -Wno-switch -Wno-parentheses -Wno-array-bounds -Wno-extra -Wno-deprecated-declarations  -O3 -DNDEBUG -fPIE   -Wno-misleading-indentation -o CMakeFiles/cmTC_37a06.dir/src.cxx.o -c /Users/ogre/works/2202/Felix/perpetuite-III/perpetuite-III/PIII/computerVision/node_modules/opencv-build/opencv/build/CMakeFiles/CMakeTmp/src.cxx
warning: unknown warning option '-Wno-misleading-indentation'; did you mean '-Wno-missing-declarations'? [-Wunknown-warning-option]
/Users/ogre/works/2202/Felix/perpetuite-III/perpetuite-III/PIII/computerVision/node_modules/opencv-build/opencv/build/CMakeFiles/CMakeTmp/src.cxx:1:8: warning: unknown pragma ignored [-Wunknown-pragmas]
#pragma
       ^
2 warnings generated.
Linking CXX executable cmTC_37a06
/usr/local/Cellar/cmake/3.11.2/bin/cmake -E cmake_link_script CMakeFiles/cmTC_37a06.dir/link.txt --verbose=1
/Applications/codeEditors/Xcode.app/Contents/Developer/Toolchains/XcodeDefault.xctoolchain/usr/bin/c++     -fsigned-char -W -Wall -Werror=return-type -Werror=non-virtual-dtor -Werror=address -Werror=sequence-point -Wformat -Werror=format-security -Wmissing-prototypes -Wstrict-prototypes -Winit-self -Wpointer-arith -Wsign-promo -Winit-self -Wno-delete-non-virtual-dtor -Wno-unnamed-type-template-args -Wno-comment -fdiagnostics-show-option -Wno-long-long -Qunused-arguments -Wno-semicolon-before-method-body -ffunction-sections -fdata-sections  -fvisibility=hidden -fvisibility-inlines-hidden -Wno-shadow -Wno-unused -Wno-sign-compare -Wno-undef -Wno-missing-declarations -Wno-uninitialized -Wno-switch -Wno-parentheses -Wno-array-bounds -Wno-extra -Wno-deprecated-declarations  -O3 -DNDEBUG -Wl,-search_paths_first -Wl,-headerpad_max_install_names   -Wl,-dead_strip  CMakeFiles/cmTC_37a06.dir/src.cxx.o  -o cmTC_37a06 

===== END =====

Build output check failed:
    Regex: 'unknown .*option'
    Output line: 'warning: unknown warning option '-Wno-suggest-override', did you mean '-Wno-shift-overflow'? [-Wunknown-warning-option]'
Compilation failed:
    source file: '/Users/ogre/works/2202/Felix/perpetuite-III/perpetuite-III/PIII/computerVision/node_modules/opencv-build/opencv/build/CMakeFiles/CMakeTmp/src.cxx'
    check option: ' -Wno-suggest-override'
===== BUILD LOG =====
Change Dir: /Users/ogre/works/2202/Felix/perpetuite-III/perpetuite-III/PIII/computerVision/node_modules/opencv-build/opencv/build/CMakeFiles/CMakeTmp

Run Build Command:"/usr/bin/make" "cmTC_6d711/fast"
/Applications/codeEditors/Xcode.app/Contents/Developer/usr/bin/make -f CMakeFiles/cmTC_6d711.dir/build.make CMakeFiles/cmTC_6d711.dir/build
Building CXX object CMakeFiles/cmTC_6d711.dir/src.cxx.o
/Applications/codeEditors/Xcode.app/Contents/Developer/Toolchains/XcodeDefault.xctoolchain/usr/bin/c++    -fsigned-char -W -Wall -Werror=return-type -Werror=non-virtual-dtor -Werror=address -Werror=sequence-point -Wformat -Werror=format-security -Wmissing-prototypes -Wstrict-prototypes -Winit-self -Wpointer-arith -Wsign-promo -Winit-self -Wno-delete-non-virtual-dtor -Wno-unnamed-type-template-args -Wno-comment -fdiagnostics-show-option -Wno-long-long -Qunused-arguments -Wno-semicolon-before-method-body -ffunction-sections -fdata-sections  -fvisibility=hidden -fvisibility-inlines-hidden -Wno-shadow -Wno-unused -Wno-sign-compare -Wno-undef -Wno-missing-declarations -Wno-uninitialized -Wno-switch -Wno-parentheses -Wno-array-bounds -Wno-extra -Wno-deprecated-declarations -Wno-deprecated  -O3 -DNDEBUG -fPIE   -Wno-suggest-override -o CMakeFiles/cmTC_6d711.dir/src.cxx.o -c /Users/ogre/works/2202/Felix/perpetuite-III/perpetuite-III/PIII/computerVision/node_modules/opencv-build/opencv/build/CMakeFiles/CMakeTmp/src.cxx
warning: unknown warning option '-Wno-suggest-override'; did you mean '-Wno-shift-overflow'? [-Wunknown-warning-option]
/Users/ogre/works/2202/Felix/perpetuite-III/perpetuite-III/PIII/computerVision/node_modules/opencv-build/opencv/build/CMakeFiles/CMakeTmp/src.cxx:1:8: warning: unknown pragma ignored [-Wunknown-pragmas]
#pragma
       ^
2 warnings generated.
Linking CXX executable cmTC_6d711
/usr/local/Cellar/cmake/3.11.2/bin/cmake -E cmake_link_script CMakeFiles/cmTC_6d711.dir/link.txt --verbose=1
/Applications/codeEditors/Xcode.app/Contents/Developer/Toolchains/XcodeDefault.xctoolchain/usr/bin/c++     -fsigned-char -W -Wall -Werror=return-type -Werror=non-virtual-dtor -Werror=address -Werror=sequence-point -Wformat -Werror=format-security -Wmissing-prototypes -Wstrict-prototypes -Winit-self -Wpointer-arith -Wsign-promo -Winit-self -Wno-delete-non-virtual-dtor -Wno-unnamed-type-template-args -Wno-comment -fdiagnostics-show-option -Wno-long-long -Qunused-arguments -Wno-semicolon-before-method-body -ffunction-sections -fdata-sections  -fvisibility=hidden -fvisibility-inlines-hidden -Wno-shadow -Wno-unused -Wno-sign-compare -Wno-undef -Wno-missing-declarations -Wno-uninitialized -Wno-switch -Wno-parentheses -Wno-array-bounds -Wno-extra -Wno-deprecated-declarations -Wno-deprecated  -O3 -DNDEBUG -Wl,-search_paths_first -Wl,-headerpad_max_install_names   -Wl,-dead_strip  CMakeFiles/cmTC_6d711.dir/src.cxx.o  -o cmTC_6d711 

===== END =====

Build output check failed:
    Regex: 'unknown .*option'
    Output line: 'warning: unknown warning option '-Wno-enum-compare-switch', did you mean '-Wno-enum-compare'? [-Wunknown-warning-option]'
Compilation failed:
    source file: '/Users/ogre/works/2202/Felix/perpetuite-III/perpetuite-III/PIII/computerVision/node_modules/opencv-build/opencv/build/CMakeFiles/CMakeTmp/src.cxx'
    check option: ' -Wno-enum-compare-switch'
===== BUILD LOG =====
Change Dir: /Users/ogre/works/2202/Felix/perpetuite-III/perpetuite-III/PIII/computerVision/node_modules/opencv-build/opencv/build/CMakeFiles/CMakeTmp

Run Build Command:"/usr/bin/make" "cmTC_0eaac/fast"
/Applications/codeEditors/Xcode.app/Contents/Developer/usr/bin/make -f CMakeFiles/cmTC_0eaac.dir/build.make CMakeFiles/cmTC_0eaac.dir/build
Building CXX object CMakeFiles/cmTC_0eaac.dir/src.cxx.o
/Applications/codeEditors/Xcode.app/Contents/Developer/Toolchains/XcodeDefault.xctoolchain/usr/bin/c++    -fsigned-char -W -Wall -Werror=return-type -Werror=non-virtual-dtor -Werror=address -Werror=sequence-point -Wformat -Werror=format-security -Wstrict-prototypes -Winit-self -Wpointer-arith -Wuninitialized -Winit-self -Wno-delete-non-virtual-dtor -Wno-unnamed-type-template-args -Wno-comment -fdiagnostics-show-option -Wno-long-long -Qunused-arguments -Wno-semicolon-before-method-body -ffunction-sections -fdata-sections  -fvisibility=hidden -fvisibility-inlines-hidden -Wno-deprecated -Wno-missing-prototypes -Wno-missing-declarations -Wno-shadow -Wno-unused-parameter -Wno-unused-local-typedefs -Wno-sign-compare -Wno-sign-promo -Wno-undef -Wno-tautological-undefined-compare -Wno-ignored-qualifiers -Wno-extra -Wno-unused-function -Wno-unused-const-variable -Wno-shorten-64-to-32 -Wno-invalid-offsetof  -O3 -DNDEBUG -fPIE   -Wno-enum-compare-switch -o CMakeFiles/cmTC_0eaac.dir/src.cxx.o -c /Users/ogre/works/2202/Felix/perpetuite-III/perpetuite-III/PIII/computerVision/node_modules/opencv-build/opencv/build/CMakeFiles/CMakeTmp/src.cxx
warning: unknown warning option '-Wno-enum-compare-switch'; did you mean '-Wno-enum-compare'? [-Wunknown-warning-option]
/Users/ogre/works/2202/Felix/perpetuite-III/perpetuite-III/PIII/computerVision/node_modules/opencv-build/opencv/build/CMakeFiles/CMakeTmp/src.cxx:1:8: warning: unknown pragma ignored [-Wunknown-pragmas]
#pragma
       ^
2 warnings generated.
Linking CXX executable cmTC_0eaac
/usr/local/Cellar/cmake/3.11.2/bin/cmake -E cmake_link_script CMakeFiles/cmTC_0eaac.dir/link.txt --verbose=1
/Applications/codeEditors/Xcode.app/Contents/Developer/Toolchains/XcodeDefault.xctoolchain/usr/bin/c++     -fsigned-char -W -Wall -Werror=return-type -Werror=non-virtual-dtor -Werror=address -Werror=sequence-point -Wformat -Werror=format-security -Wstrict-prototypes -Winit-self -Wpointer-arith -Wuninitialized -Winit-self -Wno-delete-non-virtual-dtor -Wno-unnamed-type-template-args -Wno-comment -fdiagnostics-show-option -Wno-long-long -Qunused-arguments -Wno-semicolon-before-method-body -ffunction-sections -fdata-sections  -fvisibility=hidden -fvisibility-inlines-hidden -Wno-deprecated -Wno-missing-prototypes -Wno-missing-declarations -Wno-shadow -Wno-unused-parameter -Wno-unused-local-typedefs -Wno-sign-compare -Wno-sign-promo -Wno-undef -Wno-tautological-undefined-compare -Wno-ignored-qualifiers -Wno-extra -Wno-unused-function -Wno-unused-const-variable -Wno-shorten-64-to-32 -Wno-invalid-offsetof  -O3 -DNDEBUG -Wl,-search_paths_first -Wl,-headerpad_max_install_names   -Wl,-dead_strip  CMakeFiles/cmTC_0eaac.dir/src.cxx.o  -o cmTC_0eaac 

===== END =====

Build output check failed:
    Regex: 'unknown .*option'
    Output line: 'warning: unknown warning option '-Wno-unused-but-set-variable', did you mean '-Wno-unused-const-variable'? [-Wunknown-warning-option]'
Compilation failed:
    source file: '/Users/ogre/works/2202/Felix/perpetuite-III/perpetuite-III/PIII/computerVision/node_modules/opencv-build/opencv/build/CMakeFiles/CMakeTmp/src.cxx'
    check option: ' -Wno-unused-but-set-variable'
===== BUILD LOG =====
Change Dir: /Users/ogre/works/2202/Felix/perpetuite-III/perpetuite-III/PIII/computerVision/node_modules/opencv-build/opencv/build/CMakeFiles/CMakeTmp

Run Build Command:"/usr/bin/make" "cmTC_1689c/fast"
/Applications/codeEditors/Xcode.app/Contents/Developer/usr/bin/make -f CMakeFiles/cmTC_1689c.dir/build.make CMakeFiles/cmTC_1689c.dir/build
Building CXX object CMakeFiles/cmTC_1689c.dir/src.cxx.o
/Applications/codeEditors/Xcode.app/Contents/Developer/Toolchains/XcodeDefault.xctoolchain/usr/bin/c++    -fsigned-char -W -Wall -Werror=return-type -Werror=non-virtual-dtor -Werror=address -Werror=sequence-point -Wformat -Werror=format-security -Wmissing-prototypes -Wstrict-prototypes -Winit-self -Wpointer-arith -Wsign-promo -Wuninitialized -Winit-self -Wno-delete-non-virtual-dtor -Wno-unnamed-type-template-args -Wno-comment -fdiagnostics-show-option -Wno-long-long -Qunused-arguments -Wno-semicolon-before-method-body -ffunction-sections -fdata-sections  -fvisibility=hidden -fvisibility-inlines-hidden -Wno-undef -Wno-shadow -Wno-sign-compare -Wno-missing-declarations  -O3 -DNDEBUG -fPIE   -Wno-unused-but-set-variable -o CMakeFiles/cmTC_1689c.dir/src.cxx.o -c /Users/ogre/works/2202/Felix/perpetuite-III/perpetuite-III/PIII/computerVision/node_modules/opencv-build/opencv/build/CMakeFiles/CMakeTmp/src.cxx
warning: unknown warning option '-Wno-unused-but-set-variable'; did you mean '-Wno-unused-const-variable'? [-Wunknown-warning-option]
/Users/ogre/works/2202/Felix/perpetuite-III/perpetuite-III/PIII/computerVision/node_modules/opencv-build/opencv/build/CMakeFiles/CMakeTmp/src.cxx:1:8: warning: unknown pragma ignored [-Wunknown-pragmas]
#pragma
       ^
2 warnings generated.
Linking CXX executable cmTC_1689c
/usr/local/Cellar/cmake/3.11.2/bin/cmake -E cmake_link_script CMakeFiles/cmTC_1689c.dir/link.txt --verbose=1
/Applications/codeEditors/Xcode.app/Contents/Developer/Toolchains/XcodeDefault.xctoolchain/usr/bin/c++     -fsigned-char -W -Wall -Werror=return-type -Werror=non-virtual-dtor -Werror=address -Werror=sequence-point -Wformat -Werror=format-security -Wmissing-prototypes -Wstrict-prototypes -Winit-self -Wpointer-arith -Wsign-promo -Wuninitialized -Winit-self -Wno-delete-non-virtual-dtor -Wno-unnamed-type-template-args -Wno-comment -fdiagnostics-show-option -Wno-long-long -Qunused-arguments -Wno-semicolon-before-method-body -ffunction-sections -fdata-sections  -fvisibility=hidden -fvisibility-inlines-hidden -Wno-undef -Wno-shadow -Wno-sign-compare -Wno-missing-declarations  -O3 -DNDEBUG -Wl,-search_paths_first -Wl,-headerpad_max_install_names   -Wl,-dead_strip  CMakeFiles/cmTC_1689c.dir/src.cxx.o  -o cmTC_1689c 

===== END =====

